<?xml version="1.0" encoding="UTF-8"?>
<testsuite name="be.heh.domain.VetTests" tests="1" skipped="0" failures="0" errors="0" timestamp="2019-01-07T22:23:38" hostname="Xuro3D" time="0.014">
  <properties/>
  <testcase name="test_object_vet()" classname="be.heh.domain.VetTests" time="0.014"/>
  <system-out><![CDATA[]]></system-out>
  <system-err><![CDATA[]]></system-err>
</testsuite>
